<?xml version="1.0" encoding="UTF-8"?>
<!-- Generated by org.testng.reporters.JUnitReportReporter -->
<testsuite skipped="1" hostname="Tyss-4F-Pratibha" name="scripts.TestScipts" tests="2" failures="0" timestamp="28 Mar 2019 02:16:39 GMT" time="42.089" errors="0">
  <testcase name="testListBoxSortedOrNot" time="42.089" classname="scripts.TestScipts"/>
  <testcase name="testCreateEmployee" classname="scripts.TestScipts">
    <skipped/>
  </testcase> <!-- testCreateEmployee -->
</testsuite> <!-- scripts.TestScipts -->
