<?xml version="1.0" encoding="UTF-8"?>
<!-- Generated by org.testng.reporters.JUnitReportReporter -->
<testsuite hostname="Tyss-4F-Pratibha" name="scripts.TestScipts" tests="1" failures="0" timestamp="28 Mar 2019 02:23:33 GMT" time="18.722" errors="0">
  <testcase name="testListBoxSortedOrNot" time="18.722" classname="scripts.TestScipts"/>
</testsuite> <!-- scripts.TestScipts -->
